<?xml version="1.0" encoding="UTF-8"?>
<!-- Generated by org.testng.reporters.JUnitXMLReporter -->
<testsuite ignored="0" hostname="DESKTOP-B853B57" failures="0" tests="8" name="Default test" time="67.051" errors="0" timestamp="2022-09-16T14:33:04 IST">
  <testcase classname="com.sgtesting.testngprototype.ModifyUserNameScenarioChromeDemo" name="launchBrowser" time="4.612"/>
  <testcase classname="com.sgtesting.testngprototype.ModifyUserNameScenarioChromeDemo" name="navigate" time="6.788"/>
  <testcase classname="com.sgtesting.testngprototype.ModifyUserNameScenarioChromeDemo" name="login" time="4.51"/>
  <testcase classname="com.sgtesting.testngprototype.ModifyUserNameScenarioChromeDemo" name="createUser" time="16.381"/>
  <testcase classname="com.sgtesting.testngprototype.ModifyUserNameScenarioChromeDemo" name="ModifyUser" time="17.226"/>
  <testcase classname="com.sgtesting.testngprototype.ModifyUserNameScenarioChromeDemo" name="deleteUserName" time="10.778"/>
  <testcase classname="com.sgtesting.testngprototype.ModifyUserNameScenarioChromeDemo" name="logout" time="5.554"/>
  <testcase classname="com.sgtesting.testngprototype.ModifyUserNameScenarioChromeDemo" name="closeBrowser" time="1.006"/>
</testsuite> <!-- Default test -->
