<?xml version="1.0" encoding="UTF-8"?>
<!-- Generated by org.testng.reporters.JUnitXMLReporter -->
<testsuite ignored="0" hostname="DESKTOP-B853B57" failures="0" tests="60" name="AllScenarios Execution" time="520.613" errors="0" timestamp="2022-09-16T16:44:43 IST">
  <testcase classname="com.sgtesting.testngprototype.CreateCustomerChromeDemo" name="launchBrowser" time="11.875"/>
  <testcase classname="com.sgtesting.testngprototype.CreateCustomerChromeDemo" name="navigate" time="7.429"/>
  <testcase classname="com.sgtesting.testngprototype.CreateCustomerChromeDemo" name="login" time="5.579"/>
  <testcase classname="com.sgtesting.testngprototype.CreateCustomerChromeDemo" name="createCustomer" time="21.631"/>
  <testcase classname="com.sgtesting.testngprototype.CreateCustomerChromeDemo" name="deleteCustomer" time="15.592"/>
  <testcase classname="com.sgtesting.testngprototype.CreateCustomerChromeDemo" name="logout" time="5.977"/>
  <testcase classname="com.sgtesting.testngprototype.CreateCustomerChromeDemo" name="closeBrowser" time="0.648"/>
  <testcase classname="com.sgtesting.testngprototype.CreateProjectChromeDemo" name="launchBrowser" time="2.143"/>
  <testcase classname="com.sgtesting.testngprototype.CreateProjectChromeDemo" name="navigate" time="6.786"/>
  <testcase classname="com.sgtesting.testngprototype.CreateProjectChromeDemo" name="login" time="2.556"/>
  <testcase classname="com.sgtesting.testngprototype.CreateProjectChromeDemo" name="createCustomer" time="19.882"/>
  <testcase classname="com.sgtesting.testngprototype.CreateProjectChromeDemo" name="createProject" time="16.22"/>
  <testcase classname="com.sgtesting.testngprototype.CreateProjectChromeDemo" name="deleteProject" time="12.6"/>
  <testcase classname="com.sgtesting.testngprototype.CreateProjectChromeDemo" name="deleteCustomer" time="12.673"/>
  <testcase classname="com.sgtesting.testngprototype.CreateProjectChromeDemo" name="logout" time="5.628"/>
  <testcase classname="com.sgtesting.testngprototype.CreateProjectChromeDemo" name="closeBrowser" time="0.843"/>
  <testcase classname="com.sgtesting.testngprototype.createTaskChromeDemo" name="launchBrowser" time="2.13"/>
  <testcase classname="com.sgtesting.testngprototype.createTaskChromeDemo" name="navigate" time="6.543"/>
  <testcase classname="com.sgtesting.testngprototype.createTaskChromeDemo" name="login" time="2.503"/>
  <testcase classname="com.sgtesting.testngprototype.createTaskChromeDemo" name="createCustomer" time="19.713"/>
  <testcase classname="com.sgtesting.testngprototype.createTaskChromeDemo" name="createProject" time="16.276"/>
  <testcase classname="com.sgtesting.testngprototype.createTaskChromeDemo" name="createTask" time="15.022"/>
  <testcase classname="com.sgtesting.testngprototype.createTaskChromeDemo" name="deleteTask" time="10.76"/>
  <testcase classname="com.sgtesting.testngprototype.createTaskChromeDemo" name="deleteProject" time="12.677"/>
  <testcase classname="com.sgtesting.testngprototype.createTaskChromeDemo" name="deleteCustomer" time="12.729"/>
  <testcase classname="com.sgtesting.testngprototype.createTaskChromeDemo" name="logout" time="5.913"/>
  <testcase classname="com.sgtesting.testngprototype.createTaskChromeDemo" name="closeBrowser" time="0.872"/>
  <testcase classname="com.sgtesting.testngprototype.CreateUserScenariodemoChrome" name="launchBrowser" time="2.559"/>
  <testcase classname="com.sgtesting.testngprototype.CreateUserScenariodemoChrome" name="navigate" time="6.496"/>
  <testcase classname="com.sgtesting.testngprototype.CreateUserScenariodemoChrome" name="login" time="4.47"/>
  <testcase classname="com.sgtesting.testngprototype.CreateUserScenariodemoChrome" name="createUser" time="16.759"/>
  <testcase classname="com.sgtesting.testngprototype.CreateUserScenariodemoChrome" name="deleteUserName" time="10.552"/>
  <testcase classname="com.sgtesting.testngprototype.CreateUserScenariodemoChrome" name="logout" time="5.525"/>
  <testcase classname="com.sgtesting.testngprototype.CreateUserScenariodemoChrome" name="closeBrowser" time="0.901"/>
  <testcase classname="com.sgtesting.testngprototype.ModifyCustomerChromeDemo" name="launchBrowser" time="2.186"/>
  <testcase classname="com.sgtesting.testngprototype.ModifyCustomerChromeDemo" name="navigate" time="6.662"/>
  <testcase classname="com.sgtesting.testngprototype.ModifyCustomerChromeDemo" name="login" time="2.479"/>
  <testcase classname="com.sgtesting.testngprototype.ModifyCustomerChromeDemo" name="createCustomer" time="19.563"/>
  <testcase classname="com.sgtesting.testngprototype.ModifyCustomerChromeDemo" name="modifyCustomer" time="10.057"/>
  <testcase classname="com.sgtesting.testngprototype.ModifyCustomerChromeDemo" name="DeleteCustomer" time="15.786"/>
  <testcase classname="com.sgtesting.testngprototype.ModifyCustomerChromeDemo" name="logout" time="5.945"/>
  <testcase classname="com.sgtesting.testngprototype.ModifyCustomerChromeDemo" name="closeBrowser" time="1.048"/>
  <testcase classname="com.sgtesting.testngprototype.ModifyProjectChromeDemo" name="launchBrowser" time="2.147"/>
  <testcase classname="com.sgtesting.testngprototype.ModifyProjectChromeDemo" name="navigate" time="6.307"/>
  <testcase classname="com.sgtesting.testngprototype.ModifyProjectChromeDemo" name="login" time="2.45"/>
  <testcase classname="com.sgtesting.testngprototype.ModifyProjectChromeDemo" name="createCustomer" time="19.434"/>
  <testcase classname="com.sgtesting.testngprototype.ModifyProjectChromeDemo" name="createProject" time="16.044"/>
  <testcase classname="com.sgtesting.testngprototype.ModifyProjectChromeDemo" name="modifyProject" time="13.007"/>
  <testcase classname="com.sgtesting.testngprototype.ModifyProjectChromeDemo" name="deleteProject" time="12.691"/>
  <testcase classname="com.sgtesting.testngprototype.ModifyProjectChromeDemo" name="deleteCustomer" time="12.649"/>
  <testcase classname="com.sgtesting.testngprototype.ModifyProjectChromeDemo" name="logout" time="5.598"/>
  <testcase classname="com.sgtesting.testngprototype.ModifyProjectChromeDemo" name="closeBrowser" time="1.045"/>
  <testcase classname="com.sgtesting.testngprototype.ModifyUserNameScenarioChromeDemo" name="launchBrowser" time="2.099"/>
  <testcase classname="com.sgtesting.testngprototype.ModifyUserNameScenarioChromeDemo" name="navigate" time="6.282"/>
  <testcase classname="com.sgtesting.testngprototype.ModifyUserNameScenarioChromeDemo" name="login" time="4.441"/>
  <testcase classname="com.sgtesting.testngprototype.ModifyUserNameScenarioChromeDemo" name="createUser" time="16.773"/>
  <testcase classname="com.sgtesting.testngprototype.ModifyUserNameScenarioChromeDemo" name="ModifyUser" time="17.39"/>
  <testcase classname="com.sgtesting.testngprototype.ModifyUserNameScenarioChromeDemo" name="deleteUserName" time="10.446"/>
  <testcase classname="com.sgtesting.testngprototype.ModifyUserNameScenarioChromeDemo" name="logout" time="5.944"/>
  <testcase classname="com.sgtesting.testngprototype.ModifyUserNameScenarioChromeDemo" name="closeBrowser" time="0.632"/>
</testsuite> <!-- AllScenarios Execution -->
